<?xml version="1.0" encoding="UTF-8"?>
<testsuite name="com.example.healthtrack.controller.UserControllerTest" tests="1" skipped="0" failures="0" errors="0" timestamp="2025-11-26T10:40:00" hostname="devbox" time="0.189">
  <properties/>
  <testcase name="testRegister()" classname="com.example.healthtrack.controller.UserControllerTest" time="0.189"/>
  <system-out><![CDATA[10:39:57.679 [Test worker] DEBUG org.springframework.test.context.BootstrapUtils - Instantiating CacheAwareContextLoaderDelegate from class [org.springframework.test.context.cache.DefaultCacheAwareContextLoaderDelegate]
10:39:57.691 [Test worker] DEBUG org.springframework.test.context.BootstrapUtils - Instantiating BootstrapContext using constructor [public org.springframework.test.context.support.DefaultBootstrapContext(java.lang.Class,org.springframework.test.context.CacheAwareContextLoaderDelegate)]
10:39:57.735 [Test worker] DEBUG org.springframework.test.context.BootstrapUtils - Instantiating TestContextBootstrapper for test class [com.example.healthtrack.controller.UserControllerTest] from class [org.springframework.boot.test.autoconfigure.web.servlet.WebMvcTestContextBootstrapper]
10:39:57.746 [Test worker] INFO org.springframework.boot.test.autoconfigure.web.servlet.WebMvcTestContextBootstrapper - Neither @ContextConfiguration nor @ContextHierarchy found for test class [com.example.healthtrack.controller.UserControllerTest], using SpringBootContextLoader
10:39:57.751 [Test worker] DEBUG org.springframework.test.context.support.AbstractContextLoader - Did not detect default resource location for test class [com.example.healthtrack.controller.UserControllerTest]: class path resource [com/example/healthtrack/controller/UserControllerTest-context.xml] does not exist
10:39:57.752 [Test worker] DEBUG org.springframework.test.context.support.AbstractContextLoader - Did not detect default resource location for test class [com.example.healthtrack.controller.UserControllerTest]: class path resource [com/example/healthtrack/controller/UserControllerTestContext.groovy] does not exist
10:39:57.752 [Test worker] INFO org.springframework.test.context.support.AbstractContextLoader - Could not detect default resource locations for test class [com.example.healthtrack.controller.UserControllerTest]: no resource found for suffixes {-context.xml, Context.groovy}.
10:39:57.753 [Test worker] INFO org.springframework.test.context.support.AnnotationConfigContextLoaderUtils - Could not detect default configuration classes for test class [com.example.healthtrack.controller.UserControllerTest]: UserControllerTest does not declare any static, non-private, non-final, nested classes annotated with @Configuration.
10:39:57.839 [Test worker] DEBUG org.springframework.test.context.support.ActiveProfilesUtils - Could not find an 'annotation declaring class' for annotation type [org.springframework.test.context.ActiveProfiles] and class [com.example.healthtrack.controller.UserControllerTest]
10:39:57.909 [Test worker] DEBUG org.springframework.context.annotation.ClassPathScanningCandidateComponentProvider - Identified candidate component class: file [/app/build/classes/java/main/com/example/healthtrack/HealthTrackApplication.class]
10:39:57.911 [Test worker] INFO org.springframework.boot.test.context.SpringBootTestContextBootstrapper - Found @SpringBootConfiguration com.example.healthtrack.HealthTrackApplication for test class com.example.healthtrack.controller.UserControllerTest
10:39:57.916 [Test worker] DEBUG org.springframework.boot.test.autoconfigure.web.servlet.WebMvcTestContextBootstrapper - @TestExecutionListeners is not present for class [com.example.healthtrack.controller.UserControllerTest]: using defaults.
10:39:57.917 [Test worker] INFO org.springframework.boot.test.autoconfigure.web.servlet.WebMvcTestContextBootstrapper - Loaded default TestExecutionListener class names from location [META-INF/spring.factories]: [org.springframework.boot.test.autoconfigure.restdocs.RestDocsTestExecutionListener, org.springframework.boot.test.autoconfigure.web.client.MockRestServiceServerResetTestExecutionListener, org.springframework.boot.test.autoconfigure.web.servlet.MockMvcPrintOnlyOnFailureTestExecutionListener, org.springframework.boot.test.autoconfigure.web.servlet.WebDriverTestExecutionListener, org.springframework.boot.test.autoconfigure.webservices.client.MockWebServiceServerTestExecutionListener, org.springframework.boot.test.mock.mockito.MockitoTestExecutionListener, org.springframework.boot.test.mock.mockito.ResetMocksTestExecutionListener, org.springframework.test.context.web.ServletTestExecutionListener, org.springframework.test.context.support.DirtiesContextBeforeModesTestExecutionListener, org.springframework.test.context.event.ApplicationEventsTestExecutionListener, org.springframework.test.context.support.DependencyInjectionTestExecutionListener, org.springframework.test.context.support.DirtiesContextTestExecutionListener, org.springframework.test.context.transaction.TransactionalTestExecutionListener, org.springframework.test.context.jdbc.SqlScriptsTestExecutionListener, org.springframework.test.context.event.EventPublishingTestExecutionListener]
10:39:57.936 [Test worker] INFO org.springframework.boot.test.autoconfigure.web.servlet.WebMvcTestContextBootstrapper - Using TestExecutionListeners: [org.springframework.test.context.web.ServletTestExecutionListener@dcfda20, org.springframework.test.context.support.DirtiesContextBeforeModesTestExecutionListener@6d304f9d, org.springframework.test.context.event.ApplicationEventsTestExecutionListener@f73dcd6, org.springframework.boot.test.mock.mockito.MockitoTestExecutionListener@5c87bfe2, org.springframework.boot.test.autoconfigure.SpringBootDependencyInjectionTestExecutionListener@2fea7088, org.springframework.test.context.support.DirtiesContextTestExecutionListener@40499e4f, org.springframework.test.context.transaction.TransactionalTestExecutionListener@51cd7ffc, org.springframework.test.context.jdbc.SqlScriptsTestExecutionListener@30d4b288, org.springframework.test.context.event.EventPublishingTestExecutionListener@4cc6fa2a, org.springframework.boot.test.autoconfigure.restdocs.RestDocsTestExecutionListener@40f1be1b, org.springframework.boot.test.autoconfigure.web.client.MockRestServiceServerResetTestExecutionListener@7a791b66, org.springframework.boot.test.autoconfigure.web.servlet.MockMvcPrintOnlyOnFailureTestExecutionListener@6f2cb653, org.springframework.boot.test.autoconfigure.web.servlet.WebDriverTestExecutionListener@14c01636, org.springframework.boot.test.autoconfigure.webservices.client.MockWebServiceServerTestExecutionListener@590c73d3, org.springframework.boot.test.mock.mockito.ResetMocksTestExecutionListener@6b9ce1bf]
10:39:57.941 [Test worker] DEBUG org.springframework.test.context.support.AbstractDirtiesContextTestExecutionListener - Before test class: context [DefaultTestContext@41925502 testClass = UserControllerTest, testInstance = [null], testMethod = [null], testException = [null], mergedContextConfiguration = [WebMergedContextConfiguration@13e3c1c7 testClass = UserControllerTest, locations = '{}', classes = '{class com.example.healthtrack.HealthTrackApplication}', contextInitializerClasses = '[]', activeProfiles = '{}', propertySourceLocations = '{}', propertySourceProperties = '{org.springframework.boot.test.autoconfigure.web.servlet.WebMvcTestContextBootstrapper=true}', contextCustomizers = set[org.springframework.boot.test.autoconfigure.OverrideAutoConfigurationContextCustomizerFactory$DisableAutoConfigurationContextCustomizer@331acdad, org.springframework.boot.test.autoconfigure.actuate.metrics.MetricsExportContextCustomizerFactory$DisableMetricExportContextCustomizer@a22cb6a, org.springframework.boot.test.autoconfigure.filter.TypeExcludeFiltersContextCustomizer@6a295cec, org.springframework.boot.test.autoconfigure.properties.PropertyMappingContextCustomizer@491ed4ef, org.springframework.boot.test.autoconfigure.web.servlet.WebDriverContextCustomizerFactory$Customizer@436bc36, [ImportsContextCustomizer@5316e95f key = [org.springframework.boot.autoconfigure.cache.CacheAutoConfiguration, org.springframework.boot.autoconfigure.context.MessageSourceAutoConfiguration, org.springframework.boot.autoconfigure.data.web.SpringDataWebAutoConfiguration, org.springframework.boot.autoconfigure.freemarker.FreeMarkerAutoConfiguration, org.springframework.boot.autoconfigure.groovy.template.GroovyTemplateAutoConfiguration, org.springframework.boot.autoconfigure.gson.GsonAutoConfiguration, org.springframework.boot.autoconfigure.hateoas.HypermediaAutoConfiguration, org.springframework.boot.autoconfigure.http.HttpMessageConvertersAutoConfiguration, org.springframework.boot.autoconfigure.jackson.JacksonAutoConfiguration, org.springframework.boot.autoconfigure.jsonb.JsonbAutoConfiguration, org.springframework.boot.autoconfigure.mustache.MustacheAutoConfiguration, org.springframework.boot.autoconfigure.task.TaskExecutionAutoConfiguration, org.springframework.boot.autoconfigure.thymeleaf.ThymeleafAutoConfiguration, org.springframework.boot.autoconfigure.validation.ValidationAutoConfiguration, org.springframework.boot.autoconfigure.web.servlet.error.ErrorMvcAutoConfiguration, org.springframework.boot.autoconfigure.web.servlet.HttpEncodingAutoConfiguration, org.springframework.boot.autoconfigure.web.servlet.WebMvcAutoConfiguration, org.springframework.boot.test.autoconfigure.web.servlet.MockMvcAutoConfiguration, org.springframework.boot.test.autoconfigure.web.servlet.MockMvcWebClientAutoConfiguration, org.springframework.boot.test.autoconfigure.web.servlet.MockMvcWebDriverAutoConfiguration, org.springframework.boot.autoconfigure.security.oauth2.client.servlet.OAuth2ClientAutoConfiguration, org.springframework.boot.autoconfigure.security.oauth2.resource.servlet.OAuth2ResourceServerAutoConfiguration, org.springframework.boot.autoconfigure.security.servlet.SecurityAutoConfiguration, org.springframework.boot.autoconfigure.security.servlet.SecurityFilterAutoConfiguration, org.springframework.boot.autoconfigure.security.servlet.UserDetailsServiceAutoConfiguration, org.springframework.boot.test.autoconfigure.web.servlet.MockMvcSecurityConfiguration, org.springframework.boot.test.autoconfigure.web.reactive.WebTestClientAutoConfiguration]], org.springframework.boot.test.context.filter.ExcludeFilterContextCustomizer@41dd05a, org.springframework.boot.test.json.DuplicateJsonObjectContextCustomizerFactory$DuplicateJsonObjectContextCustomizer@7103cb56, org.springframework.boot.test.mock.mockito.MockitoContextCustomizer@faeb656f, org.springframework.boot.test.context.SpringBootTestArgs@1, org.springframework.boot.test.context.SpringBootTestWebEnvironment@0], resourceBasePath = 'src/main/webapp', contextLoader = 'org.springframework.boot.test.context.SpringBootContextLoader', parent = [null]], attributes = map[[empty]]], class annotated with @DirtiesContext [false] with mode [null].

  .   ____          _            __ _ _
 /\\ / ___'_ __ _ _(_)_ __  __ _ \ \ \ \
( ( )\___ | '_ | '_| | '_ \/ _` | \ \ \ \
 \\/  ___)| |_)| | | | | || (_| |  ) ) ) )
  '  |____| .__|_| |_|_| |_\__, | / / / /
 =========|_|==============|___/=/_/_/_/
 :: Spring Boot ::                (v2.7.5)

2025-11-26 10:39:58.397  INFO 13764 --- [    Test worker] c.e.h.controller.UserControllerTest      : Starting UserControllerTest using Java 21.0.8 on devbox with PID 13764 (started by jules in /app)
2025-11-26 10:39:58.400  INFO 13764 --- [    Test worker] c.e.h.controller.UserControllerTest      : No active profile set, falling back to 1 default profile: "default"
2025-11-26 10:39:59.657  WARN 13764 --- [    Test worker] .s.s.UserDetailsServiceAutoConfiguration :

Using generated security password: 2381f7b8-33e7-4693-935b-5cc9428efb46

This generated password is for development use only. Your security configuration must be updated before running your application in production.

2025-11-26 10:40:00.790  INFO 13764 --- [    Test worker] o.s.s.web.DefaultSecurityFilterChain     : Will secure any request with [org.springframework.security.web.session.DisableEncodeUrlFilter@64b73e0a, org.springframework.security.web.context.request.async.WebAsyncManagerIntegrationFilter@57c6feea, org.springframework.security.web.context.SecurityContextPersistenceFilter@4d25f816, org.springframework.security.web.header.HeaderWriterFilter@bb6f3f7, org.springframework.security.web.csrf.CsrfFilter@4d4df0f4, org.springframework.security.web.authentication.logout.LogoutFilter@56e5c8fb, org.springframework.security.web.authentication.UsernamePasswordAuthenticationFilter@2f86f9cf, org.springframework.security.web.authentication.ui.DefaultLoginPageGeneratingFilter@6f07d414, org.springframework.security.web.authentication.ui.DefaultLogoutPageGeneratingFilter@3b57f915, org.springframework.security.web.authentication.www.BasicAuthenticationFilter@3db1ce78, org.springframework.security.web.savedrequest.RequestCacheAwareFilter@36b53f08, org.springframework.security.web.servletapi.SecurityContextHolderAwareRequestFilter@54329480, org.springframework.security.web.authentication.AnonymousAuthenticationFilter@39c7fb0b, org.springframework.security.web.session.SessionManagementFilter@aca2fc3, org.springframework.security.web.access.ExceptionTranslationFilter@25d911a, org.springframework.security.web.access.intercept.FilterSecurityInterceptor@54be6213]
2025-11-26 10:40:00.858  INFO 13764 --- [    Test worker] o.s.b.t.m.w.SpringBootMockServletContext : Initializing Spring TestDispatcherServlet ''
2025-11-26 10:40:00.859  INFO 13764 --- [    Test worker] o.s.t.web.servlet.TestDispatcherServlet  : Initializing Servlet ''
2025-11-26 10:40:00.860  INFO 13764 --- [    Test worker] o.s.t.web.servlet.TestDispatcherServlet  : Completed initialization in 1 ms
2025-11-26 10:40:00.893  INFO 13764 --- [    Test worker] c.e.h.controller.UserControllerTest      : Started UserControllerTest in 2.904 seconds (JVM running for 4.167)
]]></system-out>
  <system-err><![CDATA[]]></system-err>
</testsuite>
